<?xml version="1.0" encoding="UTF-8"?>
<!-- Generated by org.testng.reporters.JUnitReportReporter -->
<testsuite skipped="0" hostname="Home" name="com.wmc.UserDefinedTests.HomePageTest" tests="2" failures="0" timestamp="16 Nov 2017 15:05:26 GMT" time="96.154" errors="0">
  <testcase name="creaAccountUsingDataBase" time="39.227" classname="com.wmc.UserDefinedTests.HomePageTest"/>
  <testcase name="validateHomePageComponents" time="56.927" classname="com.wmc.UserDefinedTests.HomePageTest"/>
</testsuite> <!-- com.wmc.UserDefinedTests.HomePageTest -->
